[2024-12-27 01:18:58] INFO com.hanghe.HangheApplication -   - Starting HangheApplication using Java 17 with PID 27976 (C:\Users\jongdae\IdeaProjects\hhplus_cleancode\hhplus-api\out\production\classes started by jongdae in C:\Users\jongdae\IdeaProjects\hhplus_cleancode)
[2024-12-27 01:18:58] INFO com.hanghe.HangheApplication -   - No active profile set, falling back to 1 default profile: "default"
[2024-12-27 01:18:59] INFO o.s.d.r.c.RepositoryConfigurationDelegate -   - Bootstrapping Spring Data JPA repositories in DEFAULT mode.
[2024-12-27 01:18:59] INFO o.s.d.r.c.RepositoryConfigurationDelegate -   - Finished Spring Data repository scanning in 54 ms. Found 3 JPA repository interfaces.
[2024-12-27 01:18:59] INFO o.s.b.w.e.tomcat.TomcatWebServer -   - Tomcat initialized with port 8083 (http)
[2024-12-27 01:18:59] INFO o.a.coyote.http11.Http11NioProtocol -   - Initializing ProtocolHandler ["http-nio-8083"]
[2024-12-27 01:18:59] INFO o.a.catalina.core.StandardService -   - Starting service [Tomcat]
[2024-12-27 01:18:59] INFO o.a.catalina.core.StandardEngine -   - Starting Servlet engine: [Apache Tomcat/10.1.17]
[2024-12-27 01:18:59] INFO o.a.c.c.C.[Tomcat].[localhost].[/] -   - Initializing Spring embedded WebApplicationContext
[2024-12-27 01:18:59] INFO o.s.b.w.s.c.ServletWebServerApplicationContext -   - Root WebApplicationContext: initialization completed in 1401 ms
[2024-12-27 01:19:00] WARN o.s.b.w.s.c.AnnotationConfigServletWebServerApplicationContext -   - Exception encountered during context initialization - cancelling refresh attempt: org.springframework.beans.factory.UnsatisfiedDependencyException: Error creating bean with name 'dataSourceScriptDatabaseInitializer' defined in class path resource [org/springframework/boot/autoconfigure/sql/init/DataSourceInitializationConfiguration.class]: Unsatisfied dependency expressed through method 'dataSourceScriptDatabaseInitializer' parameter 0: Error creating bean with name 'dataSource' defined in class path resource [com/hanghe/infrastructure/configuration/DataSourceConfiguration.class]: Failed to instantiate [javax.sql.DataSource]: Factory method 'dataSource' threw exception with message: Could not load JDBC driver class [com.mysql.cj.jdbc.Driver]
[2024-12-27 01:19:00] INFO o.a.catalina.core.StandardService -   - Stopping service [Tomcat]
[2024-12-27 01:19:00] INFO o.s.b.a.l.ConditionEvaluationReportLogger -   - 

Error starting ApplicationContext. To display the condition evaluation report re-run your application with 'debug' enabled.
[2024-12-27 01:19:00] ERRORo.s.boot.SpringApplication -   - Application run failed
org.springframework.beans.factory.UnsatisfiedDependencyException: Error creating bean with name 'dataSourceScriptDatabaseInitializer' defined in class path resource [org/springframework/boot/autoconfigure/sql/init/DataSourceInitializationConfiguration.class]: Unsatisfied dependency expressed through method 'dataSourceScriptDatabaseInitializer' parameter 0: Error creating bean with name 'dataSource' defined in class path resource [com/hanghe/infrastructure/configuration/DataSourceConfiguration.class]: Failed to instantiate [javax.sql.DataSource]: Factory method 'dataSource' threw exception with message: Could not load JDBC driver class [com.mysql.cj.jdbc.Driver]
	at org.springframework.beans.factory.support.ConstructorResolver.createArgumentArray(ConstructorResolver.java:802)
	at org.springframework.beans.factory.support.ConstructorResolver.instantiateUsingFactoryMethod(ConstructorResolver.java:546)
	at org.springframework.beans.factory.support.AbstractAutowireCapableBeanFactory.instantiateUsingFactoryMethod(AbstractAutowireCapableBeanFactory.java:1334)
	at org.springframework.beans.factory.support.AbstractAutowireCapableBeanFactory.createBeanInstance(AbstractAutowireCapableBeanFactory.java:1164)
	at org.springframework.beans.factory.support.AbstractAutowireCapableBeanFactory.doCreateBean(AbstractAutowireCapableBeanFactory.java:561)
	at org.springframework.beans.factory.support.AbstractAutowireCapableBeanFactory.createBean(AbstractAutowireCapableBeanFactory.java:521)
	at org.springframework.beans.factory.support.AbstractBeanFactory.lambda$doGetBean$0(AbstractBeanFactory.java:325)
	at org.springframework.beans.factory.support.DefaultSingletonBeanRegistry.getSingleton(DefaultSingletonBeanRegistry.java:234)
	at org.springframework.beans.factory.support.AbstractBeanFactory.doGetBean(AbstractBeanFactory.java:323)
	at org.springframework.beans.factory.support.AbstractBeanFactory.getBean(AbstractBeanFactory.java:199)
	at org.springframework.beans.factory.support.AbstractBeanFactory.doGetBean(AbstractBeanFactory.java:312)
	at org.springframework.beans.factory.support.AbstractBeanFactory.getBean(AbstractBeanFactory.java:199)
	at org.springframework.context.support.AbstractApplicationContext.getBean(AbstractApplicationContext.java:1232)
	at org.springframework.context.support.AbstractApplicationContext.finishBeanFactoryInitialization(AbstractApplicationContext.java:950)
	at org.springframework.context.support.AbstractApplicationContext.refresh(AbstractApplicationContext.java:625)
	at org.springframework.boot.web.servlet.context.ServletWebServerApplicationContext.refresh(ServletWebServerApplicationContext.java:146)
	at org.springframework.boot.SpringApplication.refresh(SpringApplication.java:762)
	at org.springframework.boot.SpringApplication.refreshContext(SpringApplication.java:464)
	at org.springframework.boot.SpringApplication.run(SpringApplication.java:334)
	at org.springframework.boot.SpringApplication.run(SpringApplication.java:1358)
	at org.springframework.boot.SpringApplication.run(SpringApplication.java:1347)
	at com.hanghe.HangheApplication.main(HangheApplication.java:10)
Caused by: org.springframework.beans.factory.BeanCreationException: Error creating bean with name 'dataSource' defined in class path resource [com/hanghe/infrastructure/configuration/DataSourceConfiguration.class]: Failed to instantiate [javax.sql.DataSource]: Factory method 'dataSource' threw exception with message: Could not load JDBC driver class [com.mysql.cj.jdbc.Driver]
	at org.springframework.beans.factory.support.ConstructorResolver.instantiate(ConstructorResolver.java:655)
	at org.springframework.beans.factory.support.ConstructorResolver.instantiateUsingFactoryMethod(ConstructorResolver.java:489)
	at org.springframework.beans.factory.support.AbstractAutowireCapableBeanFactory.instantiateUsingFactoryMethod(AbstractAutowireCapableBeanFactory.java:1334)
	at org.springframework.beans.factory.support.AbstractAutowireCapableBeanFactory.createBeanInstance(AbstractAutowireCapableBeanFactory.java:1164)
	at org.springframework.beans.factory.support.AbstractAutowireCapableBeanFactory.doCreateBean(AbstractAutowireCapableBeanFactory.java:561)
	at org.springframework.beans.factory.support.AbstractAutowireCapableBeanFactory.createBean(AbstractAutowireCapableBeanFactory.java:521)
	at org.springframework.beans.factory.support.AbstractBeanFactory.lambda$doGetBean$0(AbstractBeanFactory.java:325)
	at org.springframework.beans.factory.support.DefaultSingletonBeanRegistry.getSingleton(DefaultSingletonBeanRegistry.java:234)
	at org.springframework.beans.factory.support.AbstractBeanFactory.doGetBean(AbstractBeanFactory.java:323)
	at org.springframework.beans.factory.support.AbstractBeanFactory.getBean(AbstractBeanFactory.java:199)
	at org.springframework.beans.factory.config.DependencyDescriptor.resolveCandidate(DependencyDescriptor.java:254)
	at org.springframework.beans.factory.support.DefaultListableBeanFactory.doResolveDependency(DefaultListableBeanFactory.java:1443)
	at org.springframework.beans.factory.support.DefaultListableBeanFactory.resolveDependency(DefaultListableBeanFactory.java:1353)
	at org.springframework.beans.factory.support.ConstructorResolver.resolveAutowiredArgument(ConstructorResolver.java:911)
	at org.springframework.beans.factory.support.ConstructorResolver.createArgumentArray(ConstructorResolver.java:789)
	... 21 common frames omitted
Caused by: org.springframework.beans.BeanInstantiationException: Failed to instantiate [javax.sql.DataSource]: Factory method 'dataSource' threw exception with message: Could not load JDBC driver class [com.mysql.cj.jdbc.Driver]
	at org.springframework.beans.factory.support.SimpleInstantiationStrategy.instantiate(SimpleInstantiationStrategy.java:177)
	at org.springframework.beans.factory.support.ConstructorResolver.instantiate(ConstructorResolver.java:651)
	... 35 common frames omitted
Caused by: java.lang.IllegalStateException: Could not load JDBC driver class [com.mysql.cj.jdbc.Driver]
	at org.springframework.jdbc.datasource.DriverManagerDataSource.setDriverClassName(DriverManagerDataSource.java:131)
	at com.hanghe.infrastructure.configuration.DataSourceConfiguration.dataSource(DataSourceConfiguration.java:32)
	at com.hanghe.infrastructure.configuration.DataSourceConfiguration$$SpringCGLIB$$0.CGLIB$dataSource$1(<generated>)
	at com.hanghe.infrastructure.configuration.DataSourceConfiguration$$SpringCGLIB$$FastClass$$1.invoke(<generated>)
	at org.springframework.cglib.proxy.MethodProxy.invokeSuper(MethodProxy.java:258)
	at org.springframework.context.annotation.ConfigurationClassEnhancer$BeanMethodInterceptor.intercept(ConfigurationClassEnhancer.java:331)
	at com.hanghe.infrastructure.configuration.DataSourceConfiguration$$SpringCGLIB$$0.dataSource(<generated>)
	at java.base/jdk.internal.reflect.NativeMethodAccessorImpl.invoke0(Native Method)
	at java.base/jdk.internal.reflect.NativeMethodAccessorImpl.invoke(NativeMethodAccessorImpl.java:77)
	at java.base/jdk.internal.reflect.DelegatingMethodAccessorImpl.invoke(DelegatingMethodAccessorImpl.java:43)
	at java.base/java.lang.reflect.Method.invoke(Method.java:568)
	at org.springframework.beans.factory.support.SimpleInstantiationStrategy.instantiate(SimpleInstantiationStrategy.java:140)
	... 36 common frames omitted
Caused by: java.lang.ClassNotFoundException: com.mysql.cj.jdbc.Driver
	at java.base/jdk.internal.loader.BuiltinClassLoader.loadClass(BuiltinClassLoader.java:641)
	at java.base/jdk.internal.loader.ClassLoaders$AppClassLoader.loadClass(ClassLoaders.java:188)
	at java.base/java.lang.ClassLoader.loadClass(ClassLoader.java:520)
	at java.base/java.lang.Class.forName0(Native Method)
	at java.base/java.lang.Class.forName(Class.java:467)
	at org.springframework.jdbc.datasource.DriverManagerDataSource.setDriverClassName(DriverManagerDataSource.java:128)
	... 47 common frames omitted
[2024-12-27 01:30:39] INFO com.hanghe.HangheApplication -   - Starting HangheApplication using Java 17 with PID 5000 (C:\Users\jongdae\IdeaProjects\hhplus_cleancode\hhplus-api\out\production\classes started by jongdae in C:\Users\jongdae\IdeaProjects\hhplus_cleancode)
[2024-12-27 01:30:39] INFO com.hanghe.HangheApplication -   - No active profile set, falling back to 1 default profile: "default"
[2024-12-27 01:30:39] INFO o.s.d.r.c.RepositoryConfigurationDelegate -   - Bootstrapping Spring Data JPA repositories in DEFAULT mode.
[2024-12-27 01:30:39] INFO o.s.d.r.c.RepositoryConfigurationDelegate -   - Finished Spring Data repository scanning in 47 ms. Found 3 JPA repository interfaces.
[2024-12-27 01:30:40] INFO o.s.b.w.e.tomcat.TomcatWebServer -   - Tomcat initialized with port 8083 (http)
[2024-12-27 01:30:40] INFO o.a.coyote.http11.Http11NioProtocol -   - Initializing ProtocolHandler ["http-nio-8083"]
[2024-12-27 01:30:40] INFO o.a.catalina.core.StandardService -   - Starting service [Tomcat]
[2024-12-27 01:30:40] INFO o.a.catalina.core.StandardEngine -   - Starting Servlet engine: [Apache Tomcat/10.1.17]
[2024-12-27 01:30:40] INFO o.a.c.c.C.[Tomcat].[localhost].[/] -   - Initializing Spring embedded WebApplicationContext
[2024-12-27 01:30:40] INFO o.s.b.w.s.c.ServletWebServerApplicationContext -   - Root WebApplicationContext: initialization completed in 1327 ms
[2024-12-27 01:30:41] INFO o.h.jpa.internal.util.LogHelper -   - HHH000204: Processing PersistenceUnitInfo [name: default]
[2024-12-27 01:30:41] INFO org.hibernate.Version -   - HHH000412: Hibernate ORM core version 6.4.1.Final
[2024-12-27 01:30:41] INFO o.h.c.i.RegionFactoryInitiator -   - HHH000026: Second-level cache disabled
[2024-12-27 01:30:41] INFO o.s.o.j.p.SpringPersistenceUnitInfo -   - No LoadTimeWeaver setup: ignoring JPA class transformer
[2024-12-27 01:30:42] INFO o.h.e.t.j.p.i.JtaPlatformInitiator -   - HHH000489: No JTA platform available (set 'hibernate.transaction.jta.platform' to enable JTA platform integration)
[2024-12-27 01:30:42] INFO o.s.o.j.LocalContainerEntityManagerFactoryBean -   - Initialized JPA EntityManagerFactory for persistence unit 'default'
[2024-12-27 01:30:42] WARN o.s.b.w.s.c.AnnotationConfigServletWebServerApplicationContext -   - Exception encountered during context initialization - cancelling refresh attempt: org.springframework.beans.factory.UnsatisfiedDependencyException: Error creating bean with name 'lectureService' defined in file [C:\Users\jongdae\IdeaProjects\hhplus_cleancode\hhplus-api\out\production\classes\com\hanghe\domain\lecture\service\LectureService.class]: Unsatisfied dependency expressed through constructor parameter 0: Error creating bean with name 'lectureRepository' defined in com.hanghe.domain.lecture.repository.LectureRepository defined in @EnableJpaRepositories declared on JpaRepositoriesRegistrar.EnableJpaRepositoriesConfiguration: Could not create query for public abstract java.util.List com.hanghe.domain.lecture.repository.LectureRepository.findByLDate(java.time.LocalDate); Reason: Failed to create query for method public abstract java.util.List com.hanghe.domain.lecture.repository.LectureRepository.findByLDate(java.time.LocalDate); Unable to locate Attribute with the given name [LDate] on this ManagedType [com.hanghe.domain.lecture.entity.Lecture]
[2024-12-27 01:30:42] INFO o.s.o.j.LocalContainerEntityManagerFactoryBean -   - Closing JPA EntityManagerFactory for persistence unit 'default'
[2024-12-27 01:30:42] INFO o.a.catalina.core.StandardService -   - Stopping service [Tomcat]
[2024-12-27 01:30:42] INFO o.s.b.a.l.ConditionEvaluationReportLogger -   - 

Error starting ApplicationContext. To display the condition evaluation report re-run your application with 'debug' enabled.
[2024-12-27 01:30:42] ERRORo.s.boot.SpringApplication -   - Application run failed
org.springframework.beans.factory.UnsatisfiedDependencyException: Error creating bean with name 'lectureService' defined in file [C:\Users\jongdae\IdeaProjects\hhplus_cleancode\hhplus-api\out\production\classes\com\hanghe\domain\lecture\service\LectureService.class]: Unsatisfied dependency expressed through constructor parameter 0: Error creating bean with name 'lectureRepository' defined in com.hanghe.domain.lecture.repository.LectureRepository defined in @EnableJpaRepositories declared on JpaRepositoriesRegistrar.EnableJpaRepositoriesConfiguration: Could not create query for public abstract java.util.List com.hanghe.domain.lecture.repository.LectureRepository.findByLDate(java.time.LocalDate); Reason: Failed to create query for method public abstract java.util.List com.hanghe.domain.lecture.repository.LectureRepository.findByLDate(java.time.LocalDate); Unable to locate Attribute with the given name [LDate] on this ManagedType [com.hanghe.domain.lecture.entity.Lecture]
	at org.springframework.beans.factory.support.ConstructorResolver.createArgumentArray(ConstructorResolver.java:802)
	at org.springframework.beans.factory.support.ConstructorResolver.autowireConstructor(ConstructorResolver.java:241)
	at org.springframework.beans.factory.support.AbstractAutowireCapableBeanFactory.autowireConstructor(AbstractAutowireCapableBeanFactory.java:1354)
	at org.springframework.beans.factory.support.AbstractAutowireCapableBeanFactory.createBeanInstance(AbstractAutowireCapableBeanFactory.java:1191)
	at org.springframework.beans.factory.support.AbstractAutowireCapableBeanFactory.doCreateBean(AbstractAutowireCapableBeanFactory.java:561)
	at org.springframework.beans.factory.support.AbstractAutowireCapableBeanFactory.createBean(AbstractAutowireCapableBeanFactory.java:521)
	at org.springframework.beans.factory.support.AbstractBeanFactory.lambda$doGetBean$0(AbstractBeanFactory.java:325)
	at org.springframework.beans.factory.support.DefaultSingletonBeanRegistry.getSingleton(DefaultSingletonBeanRegistry.java:234)
	at org.springframework.beans.factory.support.AbstractBeanFactory.doGetBean(AbstractBeanFactory.java:323)
	at org.springframework.beans.factory.support.AbstractBeanFactory.getBean(AbstractBeanFactory.java:199)
	at org.springframework.beans.factory.support.DefaultListableBeanFactory.preInstantiateSingletons(DefaultListableBeanFactory.java:975)
	at org.springframework.context.support.AbstractApplicationContext.finishBeanFactoryInitialization(AbstractApplicationContext.java:960)
	at org.springframework.context.support.AbstractApplicationContext.refresh(AbstractApplicationContext.java:625)
	at org.springframework.boot.web.servlet.context.ServletWebServerApplicationContext.refresh(ServletWebServerApplicationContext.java:146)
	at org.springframework.boot.SpringApplication.refresh(SpringApplication.java:762)
	at org.springframework.boot.SpringApplication.refreshContext(SpringApplication.java:464)
	at org.springframework.boot.SpringApplication.run(SpringApplication.java:334)
	at org.springframework.boot.SpringApplication.run(SpringApplication.java:1358)
	at org.springframework.boot.SpringApplication.run(SpringApplication.java:1347)
	at com.hanghe.HangheApplication.main(HangheApplication.java:10)
Caused by: org.springframework.beans.factory.BeanCreationException: Error creating bean with name 'lectureRepository' defined in com.hanghe.domain.lecture.repository.LectureRepository defined in @EnableJpaRepositories declared on JpaRepositoriesRegistrar.EnableJpaRepositoriesConfiguration: Could not create query for public abstract java.util.List com.hanghe.domain.lecture.repository.LectureRepository.findByLDate(java.time.LocalDate); Reason: Failed to create query for method public abstract java.util.List com.hanghe.domain.lecture.repository.LectureRepository.findByLDate(java.time.LocalDate); Unable to locate Attribute with the given name [LDate] on this ManagedType [com.hanghe.domain.lecture.entity.Lecture]
	at org.springframework.beans.factory.support.AbstractAutowireCapableBeanFactory.initializeBean(AbstractAutowireCapableBeanFactory.java:1773)
	at org.springframework.beans.factory.support.AbstractAutowireCapableBeanFactory.doCreateBean(AbstractAutowireCapableBeanFactory.java:599)
	at org.springframework.beans.factory.support.AbstractAutowireCapableBeanFactory.createBean(AbstractAutowireCapableBeanFactory.java:521)
	at org.springframework.beans.factory.support.AbstractBeanFactory.lambda$doGetBean$0(AbstractBeanFactory.java:325)
	at org.springframework.beans.factory.support.DefaultSingletonBeanRegistry.getSingleton(DefaultSingletonBeanRegistry.java:234)
	at org.springframework.beans.factory.support.AbstractBeanFactory.doGetBean(AbstractBeanFactory.java:323)
	at org.springframework.beans.factory.support.AbstractBeanFactory.getBean(AbstractBeanFactory.java:199)
	at org.springframework.beans.factory.config.DependencyDescriptor.resolveCandidate(DependencyDescriptor.java:254)
	at org.springframework.beans.factory.support.DefaultListableBeanFactory.doResolveDependency(DefaultListableBeanFactory.java:1443)
	at org.springframework.beans.factory.support.DefaultListableBeanFactory.resolveDependency(DefaultListableBeanFactory.java:1353)
	at org.springframework.beans.factory.support.ConstructorResolver.resolveAutowiredArgument(ConstructorResolver.java:911)
	at org.springframework.beans.factory.support.ConstructorResolver.createArgumentArray(ConstructorResolver.java:789)
	... 19 common frames omitted
Caused by: org.springframework.data.repository.query.QueryCreationException: Could not create query for public abstract java.util.List com.hanghe.domain.lecture.repository.LectureRepository.findByLDate(java.time.LocalDate); Reason: Failed to create query for method public abstract java.util.List com.hanghe.domain.lecture.repository.LectureRepository.findByLDate(java.time.LocalDate); Unable to locate Attribute with the given name [LDate] on this ManagedType [com.hanghe.domain.lecture.entity.Lecture]
	at org.springframework.data.repository.query.QueryCreationException.create(QueryCreationException.java:101)
	at org.springframework.data.repository.core.support.QueryExecutorMethodInterceptor.lookupQuery(QueryExecutorMethodInterceptor.java:115)
	at org.springframework.data.repository.core.support.QueryExecutorMethodInterceptor.mapMethodsToQuery(QueryExecutorMethodInterceptor.java:99)
	at org.springframework.data.repository.core.support.QueryExecutorMethodInterceptor.lambda$new$0(QueryExecutorMethodInterceptor.java:88)
	at java.base/java.util.Optional.map(Optional.java:260)
	at org.springframework.data.repository.core.support.QueryExecutorMethodInterceptor.<init>(QueryExecutorMethodInterceptor.java:88)
	at org.springframework.data.repository.core.support.RepositoryFactorySupport.getRepository(RepositoryFactorySupport.java:357)
	at org.springframework.data.repository.core.support.RepositoryFactoryBeanSupport.lambda$afterPropertiesSet$5(RepositoryFactoryBeanSupport.java:279)
	at org.springframework.data.util.Lazy.getNullable(Lazy.java:135)
	at org.springframework.data.util.Lazy.get(Lazy.java:113)
	at org.springframework.data.repository.core.support.RepositoryFactoryBeanSupport.afterPropertiesSet(RepositoryFactoryBeanSupport.java:285)
	at org.springframework.data.jpa.repository.support.JpaRepositoryFactoryBean.afterPropertiesSet(JpaRepositoryFactoryBean.java:132)
	at org.springframework.beans.factory.support.AbstractAutowireCapableBeanFactory.invokeInitMethods(AbstractAutowireCapableBeanFactory.java:1820)
	at org.springframework.beans.factory.support.AbstractAutowireCapableBeanFactory.initializeBean(AbstractAutowireCapableBeanFactory.java:1769)
	... 30 common frames omitted
Caused by: java.lang.IllegalArgumentException: Failed to create query for method public abstract java.util.List com.hanghe.domain.lecture.repository.LectureRepository.findByLDate(java.time.LocalDate); Unable to locate Attribute with the given name [LDate] on this ManagedType [com.hanghe.domain.lecture.entity.Lecture]
	at org.springframework.data.jpa.repository.query.PartTreeJpaQuery.<init>(PartTreeJpaQuery.java:107)
	at org.springframework.data.jpa.repository.query.JpaQueryLookupStrategy$CreateQueryLookupStrategy.resolveQuery(JpaQueryLookupStrategy.java:124)
	at org.springframework.data.jpa.repository.query.JpaQueryLookupStrategy$CreateIfNotFoundQueryLookupStrategy.resolveQuery(JpaQueryLookupStrategy.java:258)
	at org.springframework.data.jpa.repository.query.JpaQueryLookupStrategy$AbstractQueryLookupStrategy.resolveQuery(JpaQueryLookupStrategy.java:95)
	at org.springframework.data.repository.core.support.QueryExecutorMethodInterceptor.lookupQuery(QueryExecutorMethodInterceptor.java:111)
	... 42 common frames omitted
Caused by: java.lang.IllegalArgumentException: Unable to locate Attribute with the given name [LDate] on this ManagedType [com.hanghe.domain.lecture.entity.Lecture]
	at org.hibernate.metamodel.model.domain.AbstractManagedType.checkNotNull(AbstractManagedType.java:225)
	at org.hibernate.metamodel.model.domain.AbstractManagedType.getAttribute(AbstractManagedType.java:148)
	at org.hibernate.metamodel.model.domain.AbstractManagedType.getAttribute(AbstractManagedType.java:43)
	at org.springframework.data.jpa.repository.query.QueryUtils.requiresOuterJoin(QueryUtils.java:836)
	at org.springframework.data.jpa.repository.query.QueryUtils.toExpressionRecursively(QueryUtils.java:777)
	at org.springframework.data.jpa.repository.query.QueryUtils.toExpressionRecursively(QueryUtils.java:756)
	at org.springframework.data.jpa.repository.query.QueryUtils.toExpressionRecursively(QueryUtils.java:752)
	at org.springframework.data.jpa.repository.query.JpaQueryCreator$PredicateBuilder.getTypedPath(JpaQueryCreator.java:387)
	at org.springframework.data.jpa.repository.query.JpaQueryCreator$PredicateBuilder.build(JpaQueryCreator.java:310)
	at org.springframework.data.jpa.repository.query.JpaQueryCreator.toPredicate(JpaQueryCreator.java:210)
	at org.springframework.data.jpa.repository.query.JpaQueryCreator.create(JpaQueryCreator.java:121)
	at org.springframework.data.jpa.repository.query.JpaQueryCreator.create(JpaQueryCreator.java:60)
	at org.springframework.data.repository.query.parser.AbstractQueryCreator.createCriteria(AbstractQueryCreator.java:119)
	at org.springframework.data.repository.query.parser.AbstractQueryCreator.createQuery(AbstractQueryCreator.java:95)
	at org.springframework.data.repository.query.parser.AbstractQueryCreator.createQuery(AbstractQueryCreator.java:81)
	at org.springframework.data.jpa.repository.query.PartTreeJpaQuery$QueryPreparer.<init>(PartTreeJpaQuery.java:218)
	at org.springframework.data.jpa.repository.query.PartTreeJpaQuery$CountQueryPreparer.<init>(PartTreeJpaQuery.java:361)
	at org.springframework.data.jpa.repository.query.PartTreeJpaQuery.<init>(PartTreeJpaQuery.java:102)
	... 46 common frames omitted
[2024-12-27 01:40:19] INFO com.hanghe.HangheApplication -   - Starting HangheApplication using Java 17 with PID 6968 (C:\Users\jongdae\IdeaProjects\hhplus_cleancode\hhplus-api\out\production\classes started by jongdae in C:\Users\jongdae\IdeaProjects\hhplus_cleancode)
[2024-12-27 01:40:19] INFO com.hanghe.HangheApplication -   - No active profile set, falling back to 1 default profile: "default"
[2024-12-27 01:40:20] INFO o.s.d.r.c.RepositoryConfigurationDelegate -   - Bootstrapping Spring Data JPA repositories in DEFAULT mode.
[2024-12-27 01:40:20] INFO o.s.d.r.c.RepositoryConfigurationDelegate -   - Finished Spring Data repository scanning in 49 ms. Found 3 JPA repository interfaces.
[2024-12-27 01:40:20] INFO o.s.b.w.e.tomcat.TomcatWebServer -   - Tomcat initialized with port 8083 (http)
[2024-12-27 01:40:20] INFO o.a.coyote.http11.Http11NioProtocol -   - Initializing ProtocolHandler ["http-nio-8083"]
[2024-12-27 01:40:20] INFO o.a.catalina.core.StandardService -   - Starting service [Tomcat]
[2024-12-27 01:40:20] INFO o.a.catalina.core.StandardEngine -   - Starting Servlet engine: [Apache Tomcat/10.1.17]
[2024-12-27 01:40:20] INFO o.a.c.c.C.[Tomcat].[localhost].[/] -   - Initializing Spring embedded WebApplicationContext
[2024-12-27 01:40:20] INFO o.s.b.w.s.c.ServletWebServerApplicationContext -   - Root WebApplicationContext: initialization completed in 1386 ms
[2024-12-27 01:40:21] INFO o.h.jpa.internal.util.LogHelper -   - HHH000204: Processing PersistenceUnitInfo [name: default]
[2024-12-27 01:40:21] INFO org.hibernate.Version -   - HHH000412: Hibernate ORM core version 6.4.1.Final
[2024-12-27 01:40:21] INFO o.h.c.i.RegionFactoryInitiator -   - HHH000026: Second-level cache disabled
[2024-12-27 01:40:21] INFO o.s.o.j.p.SpringPersistenceUnitInfo -   - No LoadTimeWeaver setup: ignoring JPA class transformer
[2024-12-27 01:40:22] INFO o.h.e.t.j.p.i.JtaPlatformInitiator -   - HHH000489: No JTA platform available (set 'hibernate.transaction.jta.platform' to enable JTA platform integration)
[2024-12-27 01:40:22] INFO o.s.o.j.LocalContainerEntityManagerFactoryBean -   - Initialized JPA EntityManagerFactory for persistence unit 'default'
[2024-12-27 01:40:22] WARN o.s.b.w.s.c.AnnotationConfigServletWebServerApplicationContext -   - Exception encountered during context initialization - cancelling refresh attempt: org.springframework.beans.factory.UnsatisfiedDependencyException: Error creating bean with name 'lectureService' defined in file [C:\Users\jongdae\IdeaProjects\hhplus_cleancode\hhplus-api\out\production\classes\com\hanghe\domain\lecture\service\LectureService.class]: Unsatisfied dependency expressed through constructor parameter 0: Error creating bean with name 'lectureRepository' defined in com.hanghe.domain.lecture.repository.LectureRepository defined in @EnableJpaRepositories declared on JpaRepositoriesRegistrar.EnableJpaRepositoriesConfiguration: Could not create query for public abstract java.util.List com.hanghe.domain.lecture.repository.LectureRepository.findAllByLDate(java.time.LocalDate); Reason: Failed to create query for method public abstract java.util.List com.hanghe.domain.lecture.repository.LectureRepository.findAllByLDate(java.time.LocalDate); Unable to locate Attribute with the given name [LDate] on this ManagedType [com.hanghe.domain.lecture.entity.Lecture]
[2024-12-27 01:40:22] INFO o.s.o.j.LocalContainerEntityManagerFactoryBean -   - Closing JPA EntityManagerFactory for persistence unit 'default'
[2024-12-27 01:40:22] INFO o.a.catalina.core.StandardService -   - Stopping service [Tomcat]
[2024-12-27 01:40:22] INFO o.s.b.a.l.ConditionEvaluationReportLogger -   - 

Error starting ApplicationContext. To display the condition evaluation report re-run your application with 'debug' enabled.
[2024-12-27 01:40:22] ERRORo.s.boot.SpringApplication -   - Application run failed
org.springframework.beans.factory.UnsatisfiedDependencyException: Error creating bean with name 'lectureService' defined in file [C:\Users\jongdae\IdeaProjects\hhplus_cleancode\hhplus-api\out\production\classes\com\hanghe\domain\lecture\service\LectureService.class]: Unsatisfied dependency expressed through constructor parameter 0: Error creating bean with name 'lectureRepository' defined in com.hanghe.domain.lecture.repository.LectureRepository defined in @EnableJpaRepositories declared on JpaRepositoriesRegistrar.EnableJpaRepositoriesConfiguration: Could not create query for public abstract java.util.List com.hanghe.domain.lecture.repository.LectureRepository.findAllByLDate(java.time.LocalDate); Reason: Failed to create query for method public abstract java.util.List com.hanghe.domain.lecture.repository.LectureRepository.findAllByLDate(java.time.LocalDate); Unable to locate Attribute with the given name [LDate] on this ManagedType [com.hanghe.domain.lecture.entity.Lecture]
	at org.springframework.beans.factory.support.ConstructorResolver.createArgumentArray(ConstructorResolver.java:802)
	at org.springframework.beans.factory.support.ConstructorResolver.autowireConstructor(ConstructorResolver.java:241)
	at org.springframework.beans.factory.support.AbstractAutowireCapableBeanFactory.autowireConstructor(AbstractAutowireCapableBeanFactory.java:1354)
	at org.springframework.beans.factory.support.AbstractAutowireCapableBeanFactory.createBeanInstance(AbstractAutowireCapableBeanFactory.java:1191)
	at org.springframework.beans.factory.support.AbstractAutowireCapableBeanFactory.doCreateBean(AbstractAutowireCapableBeanFactory.java:561)
	at org.springframework.beans.factory.support.AbstractAutowireCapableBeanFactory.createBean(AbstractAutowireCapableBeanFactory.java:521)
	at org.springframework.beans.factory.support.AbstractBeanFactory.lambda$doGetBean$0(AbstractBeanFactory.java:325)
	at org.springframework.beans.factory.support.DefaultSingletonBeanRegistry.getSingleton(DefaultSingletonBeanRegistry.java:234)
	at org.springframework.beans.factory.support.AbstractBeanFactory.doGetBean(AbstractBeanFactory.java:323)
	at org.springframework.beans.factory.support.AbstractBeanFactory.getBean(AbstractBeanFactory.java:199)
	at org.springframework.beans.factory.support.DefaultListableBeanFactory.preInstantiateSingletons(DefaultListableBeanFactory.java:975)
	at org.springframework.context.support.AbstractApplicationContext.finishBeanFactoryInitialization(AbstractApplicationContext.java:960)
	at org.springframework.context.support.AbstractApplicationContext.refresh(AbstractApplicationContext.java:625)
	at org.springframework.boot.web.servlet.context.ServletWebServerApplicationContext.refresh(ServletWebServerApplicationContext.java:146)
	at org.springframework.boot.SpringApplication.refresh(SpringApplication.java:762)
	at org.springframework.boot.SpringApplication.refreshContext(SpringApplication.java:464)
	at org.springframework.boot.SpringApplication.run(SpringApplication.java:334)
	at org.springframework.boot.SpringApplication.run(SpringApplication.java:1358)
	at org.springframework.boot.SpringApplication.run(SpringApplication.java:1347)
	at com.hanghe.HangheApplication.main(HangheApplication.java:10)
Caused by: org.springframework.beans.factory.BeanCreationException: Error creating bean with name 'lectureRepository' defined in com.hanghe.domain.lecture.repository.LectureRepository defined in @EnableJpaRepositories declared on JpaRepositoriesRegistrar.EnableJpaRepositoriesConfiguration: Could not create query for public abstract java.util.List com.hanghe.domain.lecture.repository.LectureRepository.findAllByLDate(java.time.LocalDate); Reason: Failed to create query for method public abstract java.util.List com.hanghe.domain.lecture.repository.LectureRepository.findAllByLDate(java.time.LocalDate); Unable to locate Attribute with the given name [LDate] on this ManagedType [com.hanghe.domain.lecture.entity.Lecture]
	at org.springframework.beans.factory.support.AbstractAutowireCapableBeanFactory.initializeBean(AbstractAutowireCapableBeanFactory.java:1773)
	at org.springframework.beans.factory.support.AbstractAutowireCapableBeanFactory.doCreateBean(AbstractAutowireCapableBeanFactory.java:599)
	at org.springframework.beans.factory.support.AbstractAutowireCapableBeanFactory.createBean(AbstractAutowireCapableBeanFactory.java:521)
	at org.springframework.beans.factory.support.AbstractBeanFactory.lambda$doGetBean$0(AbstractBeanFactory.java:325)
	at org.springframework.beans.factory.support.DefaultSingletonBeanRegistry.getSingleton(DefaultSingletonBeanRegistry.java:234)
	at org.springframework.beans.factory.support.AbstractBeanFactory.doGetBean(AbstractBeanFactory.java:323)
	at org.springframework.beans.factory.support.AbstractBeanFactory.getBean(AbstractBeanFactory.java:199)
	at org.springframework.beans.factory.config.DependencyDescriptor.resolveCandidate(DependencyDescriptor.java:254)
	at org.springframework.beans.factory.support.DefaultListableBeanFactory.doResolveDependency(DefaultListableBeanFactory.java:1443)
	at org.springframework.beans.factory.support.DefaultListableBeanFactory.resolveDependency(DefaultListableBeanFactory.java:1353)
	at org.springframework.beans.factory.support.ConstructorResolver.resolveAutowiredArgument(ConstructorResolver.java:911)
	at org.springframework.beans.factory.support.ConstructorResolver.createArgumentArray(ConstructorResolver.java:789)
	... 19 common frames omitted
Caused by: org.springframework.data.repository.query.QueryCreationException: Could not create query for public abstract java.util.List com.hanghe.domain.lecture.repository.LectureRepository.findAllByLDate(java.time.LocalDate); Reason: Failed to create query for method public abstract java.util.List com.hanghe.domain.lecture.repository.LectureRepository.findAllByLDate(java.time.LocalDate); Unable to locate Attribute with the given name [LDate] on this ManagedType [com.hanghe.domain.lecture.entity.Lecture]
	at org.springframework.data.repository.query.QueryCreationException.create(QueryCreationException.java:101)
	at org.springframework.data.repository.core.support.QueryExecutorMethodInterceptor.lookupQuery(QueryExecutorMethodInterceptor.java:115)
	at org.springframework.data.repository.core.support.QueryExecutorMethodInterceptor.mapMethodsToQuery(QueryExecutorMethodInterceptor.java:99)
	at org.springframework.data.repository.core.support.QueryExecutorMethodInterceptor.lambda$new$0(QueryExecutorMethodInterceptor.java:88)
	at java.base/java.util.Optional.map(Optional.java:260)
	at org.springframework.data.repository.core.support.QueryExecutorMethodInterceptor.<init>(QueryExecutorMethodInterceptor.java:88)
	at org.springframework.data.repository.core.support.RepositoryFactorySupport.getRepository(RepositoryFactorySupport.java:357)
	at org.springframework.data.repository.core.support.RepositoryFactoryBeanSupport.lambda$afterPropertiesSet$5(RepositoryFactoryBeanSupport.java:279)
	at org.springframework.data.util.Lazy.getNullable(Lazy.java:135)
	at org.springframework.data.util.Lazy.get(Lazy.java:113)
	at org.springframework.data.repository.core.support.RepositoryFactoryBeanSupport.afterPropertiesSet(RepositoryFactoryBeanSupport.java:285)
	at org.springframework.data.jpa.repository.support.JpaRepositoryFactoryBean.afterPropertiesSet(JpaRepositoryFactoryBean.java:132)
	at org.springframework.beans.factory.support.AbstractAutowireCapableBeanFactory.invokeInitMethods(AbstractAutowireCapableBeanFactory.java:1820)
	at org.springframework.beans.factory.support.AbstractAutowireCapableBeanFactory.initializeBean(AbstractAutowireCapableBeanFactory.java:1769)
	... 30 common frames omitted
Caused by: java.lang.IllegalArgumentException: Failed to create query for method public abstract java.util.List com.hanghe.domain.lecture.repository.LectureRepository.findAllByLDate(java.time.LocalDate); Unable to locate Attribute with the given name [LDate] on this ManagedType [com.hanghe.domain.lecture.entity.Lecture]
	at org.springframework.data.jpa.repository.query.PartTreeJpaQuery.<init>(PartTreeJpaQuery.java:107)
	at org.springframework.data.jpa.repository.query.JpaQueryLookupStrategy$CreateQueryLookupStrategy.resolveQuery(JpaQueryLookupStrategy.java:124)
	at org.springframework.data.jpa.repository.query.JpaQueryLookupStrategy$CreateIfNotFoundQueryLookupStrategy.resolveQuery(JpaQueryLookupStrategy.java:258)
	at org.springframework.data.jpa.repository.query.JpaQueryLookupStrategy$AbstractQueryLookupStrategy.resolveQuery(JpaQueryLookupStrategy.java:95)
	at org.springframework.data.repository.core.support.QueryExecutorMethodInterceptor.lookupQuery(QueryExecutorMethodInterceptor.java:111)
	... 42 common frames omitted
Caused by: java.lang.IllegalArgumentException: Unable to locate Attribute with the given name [LDate] on this ManagedType [com.hanghe.domain.lecture.entity.Lecture]
	at org.hibernate.metamodel.model.domain.AbstractManagedType.checkNotNull(AbstractManagedType.java:225)
	at org.hibernate.metamodel.model.domain.AbstractManagedType.getAttribute(AbstractManagedType.java:148)
	at org.hibernate.metamodel.model.domain.AbstractManagedType.getAttribute(AbstractManagedType.java:43)
	at org.springframework.data.jpa.repository.query.QueryUtils.requiresOuterJoin(QueryUtils.java:836)
	at org.springframework.data.jpa.repository.query.QueryUtils.toExpressionRecursively(QueryUtils.java:777)
	at org.springframework.data.jpa.repository.query.QueryUtils.toExpressionRecursively(QueryUtils.java:756)
	at org.springframework.data.jpa.repository.query.QueryUtils.toExpressionRecursively(QueryUtils.java:752)
	at org.springframework.data.jpa.repository.query.JpaQueryCreator$PredicateBuilder.getTypedPath(JpaQueryCreator.java:387)
	at org.springframework.data.jpa.repository.query.JpaQueryCreator$PredicateBuilder.build(JpaQueryCreator.java:310)
	at org.springframework.data.jpa.repository.query.JpaQueryCreator.toPredicate(JpaQueryCreator.java:210)
	at org.springframework.data.jpa.repository.query.JpaQueryCreator.create(JpaQueryCreator.java:121)
	at org.springframework.data.jpa.repository.query.JpaQueryCreator.create(JpaQueryCreator.java:60)
	at org.springframework.data.repository.query.parser.AbstractQueryCreator.createCriteria(AbstractQueryCreator.java:119)
	at org.springframework.data.repository.query.parser.AbstractQueryCreator.createQuery(AbstractQueryCreator.java:95)
	at org.springframework.data.repository.query.parser.AbstractQueryCreator.createQuery(AbstractQueryCreator.java:81)
	at org.springframework.data.jpa.repository.query.PartTreeJpaQuery$QueryPreparer.<init>(PartTreeJpaQuery.java:218)
	at org.springframework.data.jpa.repository.query.PartTreeJpaQuery$CountQueryPreparer.<init>(PartTreeJpaQuery.java:361)
	at org.springframework.data.jpa.repository.query.PartTreeJpaQuery.<init>(PartTreeJpaQuery.java:102)
	... 46 common frames omitted
[2024-12-27 01:45:19] INFO com.hanghe.HangheApplication -   - Starting HangheApplication using Java 17 with PID 27828 (C:\Users\jongdae\IdeaProjects\hhplus_cleancode\hhplus-api\out\production\classes started by jongdae in C:\Users\jongdae\IdeaProjects\hhplus_cleancode)
[2024-12-27 01:45:19] INFO com.hanghe.HangheApplication -   - No active profile set, falling back to 1 default profile: "default"
[2024-12-27 01:45:19] INFO o.s.d.r.c.RepositoryConfigurationDelegate -   - Bootstrapping Spring Data JPA repositories in DEFAULT mode.
[2024-12-27 01:45:19] INFO o.s.d.r.c.RepositoryConfigurationDelegate -   - Finished Spring Data repository scanning in 48 ms. Found 3 JPA repository interfaces.
[2024-12-27 01:45:20] INFO o.s.b.w.e.tomcat.TomcatWebServer -   - Tomcat initialized with port 8083 (http)
[2024-12-27 01:45:20] INFO o.a.coyote.http11.Http11NioProtocol -   - Initializing ProtocolHandler ["http-nio-8083"]
[2024-12-27 01:45:20] INFO o.a.catalina.core.StandardService -   - Starting service [Tomcat]
[2024-12-27 01:45:20] INFO o.a.catalina.core.StandardEngine -   - Starting Servlet engine: [Apache Tomcat/10.1.17]
[2024-12-27 01:45:20] INFO o.a.c.c.C.[Tomcat].[localhost].[/] -   - Initializing Spring embedded WebApplicationContext
[2024-12-27 01:45:20] INFO o.s.b.w.s.c.ServletWebServerApplicationContext -   - Root WebApplicationContext: initialization completed in 1379 ms
[2024-12-27 01:45:21] INFO o.h.jpa.internal.util.LogHelper -   - HHH000204: Processing PersistenceUnitInfo [name: default]
[2024-12-27 01:45:21] INFO org.hibernate.Version -   - HHH000412: Hibernate ORM core version 6.4.1.Final
[2024-12-27 01:45:21] INFO o.h.c.i.RegionFactoryInitiator -   - HHH000026: Second-level cache disabled
[2024-12-27 01:45:21] INFO o.s.o.j.p.SpringPersistenceUnitInfo -   - No LoadTimeWeaver setup: ignoring JPA class transformer
[2024-12-27 01:45:22] INFO o.h.e.t.j.p.i.JtaPlatformInitiator -   - HHH000489: No JTA platform available (set 'hibernate.transaction.jta.platform' to enable JTA platform integration)
[2024-12-27 01:45:22] INFO o.s.o.j.LocalContainerEntityManagerFactoryBean -   - Initialized JPA EntityManagerFactory for persistence unit 'default'
[2024-12-27 01:45:22] WARN o.s.b.w.s.c.AnnotationConfigServletWebServerApplicationContext -   - Exception encountered during context initialization - cancelling refresh attempt: org.springframework.beans.factory.UnsatisfiedDependencyException: Error creating bean with name 'lectureService' defined in file [C:\Users\jongdae\IdeaProjects\hhplus_cleancode\hhplus-api\out\production\classes\com\hanghe\domain\lecture\service\LectureService.class]: Unsatisfied dependency expressed through constructor parameter 0: Error creating bean with name 'lectureRepository' defined in com.hanghe.domain.lecture.repository.LectureRepository defined in @EnableJpaRepositories declared on JpaRepositoriesRegistrar.EnableJpaRepositoriesConfiguration: Could not create query for public abstract java.util.List com.hanghe.domain.lecture.repository.LectureRepository.findAllByLDate(java.time.LocalDate); Reason: Failed to create query for method public abstract java.util.List com.hanghe.domain.lecture.repository.LectureRepository.findAllByLDate(java.time.LocalDate); Unable to locate Attribute with the given name [LDate] on this ManagedType [com.hanghe.domain.lecture.entity.Lecture]
[2024-12-27 01:45:22] INFO o.s.o.j.LocalContainerEntityManagerFactoryBean -   - Closing JPA EntityManagerFactory for persistence unit 'default'
[2024-12-27 01:45:22] INFO o.a.catalina.core.StandardService -   - Stopping service [Tomcat]
[2024-12-27 01:45:22] INFO o.s.b.a.l.ConditionEvaluationReportLogger -   - 

Error starting ApplicationContext. To display the condition evaluation report re-run your application with 'debug' enabled.
[2024-12-27 01:45:22] ERRORo.s.boot.SpringApplication -   - Application run failed
org.springframework.beans.factory.UnsatisfiedDependencyException: Error creating bean with name 'lectureService' defined in file [C:\Users\jongdae\IdeaProjects\hhplus_cleancode\hhplus-api\out\production\classes\com\hanghe\domain\lecture\service\LectureService.class]: Unsatisfied dependency expressed through constructor parameter 0: Error creating bean with name 'lectureRepository' defined in com.hanghe.domain.lecture.repository.LectureRepository defined in @EnableJpaRepositories declared on JpaRepositoriesRegistrar.EnableJpaRepositoriesConfiguration: Could not create query for public abstract java.util.List com.hanghe.domain.lecture.repository.LectureRepository.findAllByLDate(java.time.LocalDate); Reason: Failed to create query for method public abstract java.util.List com.hanghe.domain.lecture.repository.LectureRepository.findAllByLDate(java.time.LocalDate); Unable to locate Attribute with the given name [LDate] on this ManagedType [com.hanghe.domain.lecture.entity.Lecture]
	at org.springframework.beans.factory.support.ConstructorResolver.createArgumentArray(ConstructorResolver.java:802)
	at org.springframework.beans.factory.support.ConstructorResolver.autowireConstructor(ConstructorResolver.java:241)
	at org.springframework.beans.factory.support.AbstractAutowireCapableBeanFactory.autowireConstructor(AbstractAutowireCapableBeanFactory.java:1354)
	at org.springframework.beans.factory.support.AbstractAutowireCapableBeanFactory.createBeanInstance(AbstractAutowireCapableBeanFactory.java:1191)
	at org.springframework.beans.factory.support.AbstractAutowireCapableBeanFactory.doCreateBean(AbstractAutowireCapableBeanFactory.java:561)
	at org.springframework.beans.factory.support.AbstractAutowireCapableBeanFactory.createBean(AbstractAutowireCapableBeanFactory.java:521)
	at org.springframework.beans.factory.support.AbstractBeanFactory.lambda$doGetBean$0(AbstractBeanFactory.java:325)
	at org.springframework.beans.factory.support.DefaultSingletonBeanRegistry.getSingleton(DefaultSingletonBeanRegistry.java:234)
	at org.springframework.beans.factory.support.AbstractBeanFactory.doGetBean(AbstractBeanFactory.java:323)
	at org.springframework.beans.factory.support.AbstractBeanFactory.getBean(AbstractBeanFactory.java:199)
	at org.springframework.beans.factory.support.DefaultListableBeanFactory.preInstantiateSingletons(DefaultListableBeanFactory.java:975)
	at org.springframework.context.support.AbstractApplicationContext.finishBeanFactoryInitialization(AbstractApplicationContext.java:960)
	at org.springframework.context.support.AbstractApplicationContext.refresh(AbstractApplicationContext.java:625)
	at org.springframework.boot.web.servlet.context.ServletWebServerApplicationContext.refresh(ServletWebServerApplicationContext.java:146)
	at org.springframework.boot.SpringApplication.refresh(SpringApplication.java:762)
	at org.springframework.boot.SpringApplication.refreshContext(SpringApplication.java:464)
	at org.springframework.boot.SpringApplication.run(SpringApplication.java:334)
	at org.springframework.boot.SpringApplication.run(SpringApplication.java:1358)
	at org.springframework.boot.SpringApplication.run(SpringApplication.java:1347)
	at com.hanghe.HangheApplication.main(HangheApplication.java:10)
Caused by: org.springframework.beans.factory.BeanCreationException: Error creating bean with name 'lectureRepository' defined in com.hanghe.domain.lecture.repository.LectureRepository defined in @EnableJpaRepositories declared on JpaRepositoriesRegistrar.EnableJpaRepositoriesConfiguration: Could not create query for public abstract java.util.List com.hanghe.domain.lecture.repository.LectureRepository.findAllByLDate(java.time.LocalDate); Reason: Failed to create query for method public abstract java.util.List com.hanghe.domain.lecture.repository.LectureRepository.findAllByLDate(java.time.LocalDate); Unable to locate Attribute with the given name [LDate] on this ManagedType [com.hanghe.domain.lecture.entity.Lecture]
	at org.springframework.beans.factory.support.AbstractAutowireCapableBeanFactory.initializeBean(AbstractAutowireCapableBeanFactory.java:1773)
	at org.springframework.beans.factory.support.AbstractAutowireCapableBeanFactory.doCreateBean(AbstractAutowireCapableBeanFactory.java:599)
	at org.springframework.beans.factory.support.AbstractAutowireCapableBeanFactory.createBean(AbstractAutowireCapableBeanFactory.java:521)
	at org.springframework.beans.factory.support.AbstractBeanFactory.lambda$doGetBean$0(AbstractBeanFactory.java:325)
	at org.springframework.beans.factory.support.DefaultSingletonBeanRegistry.getSingleton(DefaultSingletonBeanRegistry.java:234)
	at org.springframework.beans.factory.support.AbstractBeanFactory.doGetBean(AbstractBeanFactory.java:323)
	at org.springframework.beans.factory.support.AbstractBeanFactory.getBean(AbstractBeanFactory.java:199)
	at org.springframework.beans.factory.config.DependencyDescriptor.resolveCandidate(DependencyDescriptor.java:254)
	at org.springframework.beans.factory.support.DefaultListableBeanFactory.doResolveDependency(DefaultListableBeanFactory.java:1443)
	at org.springframework.beans.factory.support.DefaultListableBeanFactory.resolveDependency(DefaultListableBeanFactory.java:1353)
	at org.springframework.beans.factory.support.ConstructorResolver.resolveAutowiredArgument(ConstructorResolver.java:911)
	at org.springframework.beans.factory.support.ConstructorResolver.createArgumentArray(ConstructorResolver.java:789)
	... 19 common frames omitted
Caused by: org.springframework.data.repository.query.QueryCreationException: Could not create query for public abstract java.util.List com.hanghe.domain.lecture.repository.LectureRepository.findAllByLDate(java.time.LocalDate); Reason: Failed to create query for method public abstract java.util.List com.hanghe.domain.lecture.repository.LectureRepository.findAllByLDate(java.time.LocalDate); Unable to locate Attribute with the given name [LDate] on this ManagedType [com.hanghe.domain.lecture.entity.Lecture]
	at org.springframework.data.repository.query.QueryCreationException.create(QueryCreationException.java:101)
	at org.springframework.data.repository.core.support.QueryExecutorMethodInterceptor.lookupQuery(QueryExecutorMethodInterceptor.java:115)
	at org.springframework.data.repository.core.support.QueryExecutorMethodInterceptor.mapMethodsToQuery(QueryExecutorMethodInterceptor.java:99)
	at org.springframework.data.repository.core.support.QueryExecutorMethodInterceptor.lambda$new$0(QueryExecutorMethodInterceptor.java:88)
	at java.base/java.util.Optional.map(Optional.java:260)
	at org.springframework.data.repository.core.support.QueryExecutorMethodInterceptor.<init>(QueryExecutorMethodInterceptor.java:88)
	at org.springframework.data.repository.core.support.RepositoryFactorySupport.getRepository(RepositoryFactorySupport.java:357)
	at org.springframework.data.repository.core.support.RepositoryFactoryBeanSupport.lambda$afterPropertiesSet$5(RepositoryFactoryBeanSupport.java:279)
	at org.springframework.data.util.Lazy.getNullable(Lazy.java:135)
	at org.springframework.data.util.Lazy.get(Lazy.java:113)
	at org.springframework.data.repository.core.support.RepositoryFactoryBeanSupport.afterPropertiesSet(RepositoryFactoryBeanSupport.java:285)
	at org.springframework.data.jpa.repository.support.JpaRepositoryFactoryBean.afterPropertiesSet(JpaRepositoryFactoryBean.java:132)
	at org.springframework.beans.factory.support.AbstractAutowireCapableBeanFactory.invokeInitMethods(AbstractAutowireCapableBeanFactory.java:1820)
	at org.springframework.beans.factory.support.AbstractAutowireCapableBeanFactory.initializeBean(AbstractAutowireCapableBeanFactory.java:1769)
	... 30 common frames omitted
Caused by: java.lang.IllegalArgumentException: Failed to create query for method public abstract java.util.List com.hanghe.domain.lecture.repository.LectureRepository.findAllByLDate(java.time.LocalDate); Unable to locate Attribute with the given name [LDate] on this ManagedType [com.hanghe.domain.lecture.entity.Lecture]
	at org.springframework.data.jpa.repository.query.PartTreeJpaQuery.<init>(PartTreeJpaQuery.java:107)
	at org.springframework.data.jpa.repository.query.JpaQueryLookupStrategy$CreateQueryLookupStrategy.resolveQuery(JpaQueryLookupStrategy.java:124)
	at org.springframework.data.jpa.repository.query.JpaQueryLookupStrategy$CreateIfNotFoundQueryLookupStrategy.resolveQuery(JpaQueryLookupStrategy.java:258)
	at org.springframework.data.jpa.repository.query.JpaQueryLookupStrategy$AbstractQueryLookupStrategy.resolveQuery(JpaQueryLookupStrategy.java:95)
	at org.springframework.data.repository.core.support.QueryExecutorMethodInterceptor.lookupQuery(QueryExecutorMethodInterceptor.java:111)
	... 42 common frames omitted
Caused by: java.lang.IllegalArgumentException: Unable to locate Attribute with the given name [LDate] on this ManagedType [com.hanghe.domain.lecture.entity.Lecture]
	at org.hibernate.metamodel.model.domain.AbstractManagedType.checkNotNull(AbstractManagedType.java:225)
	at org.hibernate.metamodel.model.domain.AbstractManagedType.getAttribute(AbstractManagedType.java:148)
	at org.hibernate.metamodel.model.domain.AbstractManagedType.getAttribute(AbstractManagedType.java:43)
	at org.springframework.data.jpa.repository.query.QueryUtils.requiresOuterJoin(QueryUtils.java:836)
	at org.springframework.data.jpa.repository.query.QueryUtils.toExpressionRecursively(QueryUtils.java:777)
	at org.springframework.data.jpa.repository.query.QueryUtils.toExpressionRecursively(QueryUtils.java:756)
	at org.springframework.data.jpa.repository.query.QueryUtils.toExpressionRecursively(QueryUtils.java:752)
	at org.springframework.data.jpa.repository.query.JpaQueryCreator$PredicateBuilder.getTypedPath(JpaQueryCreator.java:387)
	at org.springframework.data.jpa.repository.query.JpaQueryCreator$PredicateBuilder.build(JpaQueryCreator.java:310)
	at org.springframework.data.jpa.repository.query.JpaQueryCreator.toPredicate(JpaQueryCreator.java:210)
	at org.springframework.data.jpa.repository.query.JpaQueryCreator.create(JpaQueryCreator.java:121)
	at org.springframework.data.jpa.repository.query.JpaQueryCreator.create(JpaQueryCreator.java:60)
	at org.springframework.data.repository.query.parser.AbstractQueryCreator.createCriteria(AbstractQueryCreator.java:119)
	at org.springframework.data.repository.query.parser.AbstractQueryCreator.createQuery(AbstractQueryCreator.java:95)
	at org.springframework.data.repository.query.parser.AbstractQueryCreator.createQuery(AbstractQueryCreator.java:81)
	at org.springframework.data.jpa.repository.query.PartTreeJpaQuery$QueryPreparer.<init>(PartTreeJpaQuery.java:218)
	at org.springframework.data.jpa.repository.query.PartTreeJpaQuery$CountQueryPreparer.<init>(PartTreeJpaQuery.java:361)
	at org.springframework.data.jpa.repository.query.PartTreeJpaQuery.<init>(PartTreeJpaQuery.java:102)
	... 46 common frames omitted
[2024-12-27 01:46:32] INFO com.hanghe.HangheApplication -   - Starting HangheApplication using Java 17 with PID 14864 (C:\Users\jongdae\IdeaProjects\hhplus_cleancode\hhplus-api\out\production\classes started by jongdae in C:\Users\jongdae\IdeaProjects\hhplus_cleancode)
[2024-12-27 01:46:32] INFO com.hanghe.HangheApplication -   - No active profile set, falling back to 1 default profile: "default"
[2024-12-27 01:46:33] INFO o.s.d.r.c.RepositoryConfigurationDelegate -   - Bootstrapping Spring Data JPA repositories in DEFAULT mode.
[2024-12-27 01:46:33] INFO o.s.d.r.c.RepositoryConfigurationDelegate -   - Finished Spring Data repository scanning in 50 ms. Found 3 JPA repository interfaces.
[2024-12-27 01:46:33] INFO o.s.b.w.e.tomcat.TomcatWebServer -   - Tomcat initialized with port 8083 (http)
[2024-12-27 01:46:33] INFO o.a.coyote.http11.Http11NioProtocol -   - Initializing ProtocolHandler ["http-nio-8083"]
[2024-12-27 01:46:33] INFO o.a.catalina.core.StandardService -   - Starting service [Tomcat]
[2024-12-27 01:46:33] INFO o.a.catalina.core.StandardEngine -   - Starting Servlet engine: [Apache Tomcat/10.1.17]
[2024-12-27 01:46:33] INFO o.a.c.c.C.[Tomcat].[localhost].[/] -   - Initializing Spring embedded WebApplicationContext
[2024-12-27 01:46:33] INFO o.s.b.w.s.c.ServletWebServerApplicationContext -   - Root WebApplicationContext: initialization completed in 1315 ms
[2024-12-27 01:46:34] INFO o.h.jpa.internal.util.LogHelper -   - HHH000204: Processing PersistenceUnitInfo [name: default]
[2024-12-27 01:46:34] INFO org.hibernate.Version -   - HHH000412: Hibernate ORM core version 6.4.1.Final
[2024-12-27 01:46:34] INFO o.h.c.i.RegionFactoryInitiator -   - HHH000026: Second-level cache disabled
[2024-12-27 01:46:34] INFO o.s.o.j.p.SpringPersistenceUnitInfo -   - No LoadTimeWeaver setup: ignoring JPA class transformer
[2024-12-27 01:46:35] INFO o.h.e.t.j.p.i.JtaPlatformInitiator -   - HHH000489: No JTA platform available (set 'hibernate.transaction.jta.platform' to enable JTA platform integration)
[2024-12-27 01:46:35] INFO o.s.o.j.LocalContainerEntityManagerFactoryBean -   - Initialized JPA EntityManagerFactory for persistence unit 'default'
[2024-12-27 01:46:35] WARN o.s.b.w.s.c.AnnotationConfigServletWebServerApplicationContext -   - Exception encountered during context initialization - cancelling refresh attempt: org.springframework.beans.factory.UnsatisfiedDependencyException: Error creating bean with name 'lectureService' defined in file [C:\Users\jongdae\IdeaProjects\hhplus_cleancode\hhplus-api\out\production\classes\com\hanghe\domain\lecture\service\LectureService.class]: Unsatisfied dependency expressed through constructor parameter 0: Error creating bean with name 'lectureRepository' defined in com.hanghe.domain.lecture.repository.LectureRepository defined in @EnableJpaRepositories declared on JpaRepositoriesRegistrar.EnableJpaRepositoriesConfiguration: Could not create query for public abstract java.util.List com.hanghe.domain.lecture.repository.LectureRepository.findLectureByLDate(java.time.LocalDate); Reason: Failed to create query for method public abstract java.util.List com.hanghe.domain.lecture.repository.LectureRepository.findLectureByLDate(java.time.LocalDate); Unable to locate Attribute with the given name [LDate] on this ManagedType [com.hanghe.domain.lecture.entity.Lecture]
[2024-12-27 01:46:35] INFO o.s.o.j.LocalContainerEntityManagerFactoryBean -   - Closing JPA EntityManagerFactory for persistence unit 'default'
[2024-12-27 01:46:35] INFO o.a.catalina.core.StandardService -   - Stopping service [Tomcat]
[2024-12-27 01:46:35] INFO o.s.b.a.l.ConditionEvaluationReportLogger -   - 

Error starting ApplicationContext. To display the condition evaluation report re-run your application with 'debug' enabled.
[2024-12-27 01:46:35] ERRORo.s.boot.SpringApplication -   - Application run failed
org.springframework.beans.factory.UnsatisfiedDependencyException: Error creating bean with name 'lectureService' defined in file [C:\Users\jongdae\IdeaProjects\hhplus_cleancode\hhplus-api\out\production\classes\com\hanghe\domain\lecture\service\LectureService.class]: Unsatisfied dependency expressed through constructor parameter 0: Error creating bean with name 'lectureRepository' defined in com.hanghe.domain.lecture.repository.LectureRepository defined in @EnableJpaRepositories declared on JpaRepositoriesRegistrar.EnableJpaRepositoriesConfiguration: Could not create query for public abstract java.util.List com.hanghe.domain.lecture.repository.LectureRepository.findLectureByLDate(java.time.LocalDate); Reason: Failed to create query for method public abstract java.util.List com.hanghe.domain.lecture.repository.LectureRepository.findLectureByLDate(java.time.LocalDate); Unable to locate Attribute with the given name [LDate] on this ManagedType [com.hanghe.domain.lecture.entity.Lecture]
	at org.springframework.beans.factory.support.ConstructorResolver.createArgumentArray(ConstructorResolver.java:802)
	at org.springframework.beans.factory.support.ConstructorResolver.autowireConstructor(ConstructorResolver.java:241)
	at org.springframework.beans.factory.support.AbstractAutowireCapableBeanFactory.autowireConstructor(AbstractAutowireCapableBeanFactory.java:1354)
	at org.springframework.beans.factory.support.AbstractAutowireCapableBeanFactory.createBeanInstance(AbstractAutowireCapableBeanFactory.java:1191)
	at org.springframework.beans.factory.support.AbstractAutowireCapableBeanFactory.doCreateBean(AbstractAutowireCapableBeanFactory.java:561)
	at org.springframework.beans.factory.support.AbstractAutowireCapableBeanFactory.createBean(AbstractAutowireCapableBeanFactory.java:521)
	at org.springframework.beans.factory.support.AbstractBeanFactory.lambda$doGetBean$0(AbstractBeanFactory.java:325)
	at org.springframework.beans.factory.support.DefaultSingletonBeanRegistry.getSingleton(DefaultSingletonBeanRegistry.java:234)
	at org.springframework.beans.factory.support.AbstractBeanFactory.doGetBean(AbstractBeanFactory.java:323)
	at org.springframework.beans.factory.support.AbstractBeanFactory.getBean(AbstractBeanFactory.java:199)
	at org.springframework.beans.factory.support.DefaultListableBeanFactory.preInstantiateSingletons(DefaultListableBeanFactory.java:975)
	at org.springframework.context.support.AbstractApplicationContext.finishBeanFactoryInitialization(AbstractApplicationContext.java:960)
	at org.springframework.context.support.AbstractApplicationContext.refresh(AbstractApplicationContext.java:625)
	at org.springframework.boot.web.servlet.context.ServletWebServerApplicationContext.refresh(ServletWebServerApplicationContext.java:146)
	at org.springframework.boot.SpringApplication.refresh(SpringApplication.java:762)
	at org.springframework.boot.SpringApplication.refreshContext(SpringApplication.java:464)
	at org.springframework.boot.SpringApplication.run(SpringApplication.java:334)
	at org.springframework.boot.SpringApplication.run(SpringApplication.java:1358)
	at org.springframework.boot.SpringApplication.run(SpringApplication.java:1347)
	at com.hanghe.HangheApplication.main(HangheApplication.java:10)
Caused by: org.springframework.beans.factory.BeanCreationException: Error creating bean with name 'lectureRepository' defined in com.hanghe.domain.lecture.repository.LectureRepository defined in @EnableJpaRepositories declared on JpaRepositoriesRegistrar.EnableJpaRepositoriesConfiguration: Could not create query for public abstract java.util.List com.hanghe.domain.lecture.repository.LectureRepository.findLectureByLDate(java.time.LocalDate); Reason: Failed to create query for method public abstract java.util.List com.hanghe.domain.lecture.repository.LectureRepository.findLectureByLDate(java.time.LocalDate); Unable to locate Attribute with the given name [LDate] on this ManagedType [com.hanghe.domain.lecture.entity.Lecture]
	at org.springframework.beans.factory.support.AbstractAutowireCapableBeanFactory.initializeBean(AbstractAutowireCapableBeanFactory.java:1773)
	at org.springframework.beans.factory.support.AbstractAutowireCapableBeanFactory.doCreateBean(AbstractAutowireCapableBeanFactory.java:599)
	at org.springframework.beans.factory.support.AbstractAutowireCapableBeanFactory.createBean(AbstractAutowireCapableBeanFactory.java:521)
	at org.springframework.beans.factory.support.AbstractBeanFactory.lambda$doGetBean$0(AbstractBeanFactory.java:325)
	at org.springframework.beans.factory.support.DefaultSingletonBeanRegistry.getSingleton(DefaultSingletonBeanRegistry.java:234)
	at org.springframework.beans.factory.support.AbstractBeanFactory.doGetBean(AbstractBeanFactory.java:323)
	at org.springframework.beans.factory.support.AbstractBeanFactory.getBean(AbstractBeanFactory.java:199)
	at org.springframework.beans.factory.config.DependencyDescriptor.resolveCandidate(DependencyDescriptor.java:254)
	at org.springframework.beans.factory.support.DefaultListableBeanFactory.doResolveDependency(DefaultListableBeanFactory.java:1443)
	at org.springframework.beans.factory.support.DefaultListableBeanFactory.resolveDependency(DefaultListableBeanFactory.java:1353)
	at org.springframework.beans.factory.support.ConstructorResolver.resolveAutowiredArgument(ConstructorResolver.java:911)
	at org.springframework.beans.factory.support.ConstructorResolver.createArgumentArray(ConstructorResolver.java:789)
	... 19 common frames omitted
Caused by: org.springframework.data.repository.query.QueryCreationException: Could not create query for public abstract java.util.List com.hanghe.domain.lecture.repository.LectureRepository.findLectureByLDate(java.time.LocalDate); Reason: Failed to create query for method public abstract java.util.List com.hanghe.domain.lecture.repository.LectureRepository.findLectureByLDate(java.time.LocalDate); Unable to locate Attribute with the given name [LDate] on this ManagedType [com.hanghe.domain.lecture.entity.Lecture]
	at org.springframework.data.repository.query.QueryCreationException.create(QueryCreationException.java:101)
	at org.springframework.data.repository.core.support.QueryExecutorMethodInterceptor.lookupQuery(QueryExecutorMethodInterceptor.java:115)
	at org.springframework.data.repository.core.support.QueryExecutorMethodInterceptor.mapMethodsToQuery(QueryExecutorMethodInterceptor.java:99)
	at org.springframework.data.repository.core.support.QueryExecutorMethodInterceptor.lambda$new$0(QueryExecutorMethodInterceptor.java:88)
	at java.base/java.util.Optional.map(Optional.java:260)
	at org.springframework.data.repository.core.support.QueryExecutorMethodInterceptor.<init>(QueryExecutorMethodInterceptor.java:88)
	at org.springframework.data.repository.core.support.RepositoryFactorySupport.getRepository(RepositoryFactorySupport.java:357)
	at org.springframework.data.repository.core.support.RepositoryFactoryBeanSupport.lambda$afterPropertiesSet$5(RepositoryFactoryBeanSupport.java:279)
	at org.springframework.data.util.Lazy.getNullable(Lazy.java:135)
	at org.springframework.data.util.Lazy.get(Lazy.java:113)
	at org.springframework.data.repository.core.support.RepositoryFactoryBeanSupport.afterPropertiesSet(RepositoryFactoryBeanSupport.java:285)
	at org.springframework.data.jpa.repository.support.JpaRepositoryFactoryBean.afterPropertiesSet(JpaRepositoryFactoryBean.java:132)
	at org.springframework.beans.factory.support.AbstractAutowireCapableBeanFactory.invokeInitMethods(AbstractAutowireCapableBeanFactory.java:1820)
	at org.springframework.beans.factory.support.AbstractAutowireCapableBeanFactory.initializeBean(AbstractAutowireCapableBeanFactory.java:1769)
	... 30 common frames omitted
Caused by: java.lang.IllegalArgumentException: Failed to create query for method public abstract java.util.List com.hanghe.domain.lecture.repository.LectureRepository.findLectureByLDate(java.time.LocalDate); Unable to locate Attribute with the given name [LDate] on this ManagedType [com.hanghe.domain.lecture.entity.Lecture]
	at org.springframework.data.jpa.repository.query.PartTreeJpaQuery.<init>(PartTreeJpaQuery.java:107)
	at org.springframework.data.jpa.repository.query.JpaQueryLookupStrategy$CreateQueryLookupStrategy.resolveQuery(JpaQueryLookupStrategy.java:124)
	at org.springframework.data.jpa.repository.query.JpaQueryLookupStrategy$CreateIfNotFoundQueryLookupStrategy.resolveQuery(JpaQueryLookupStrategy.java:258)
	at org.springframework.data.jpa.repository.query.JpaQueryLookupStrategy$AbstractQueryLookupStrategy.resolveQuery(JpaQueryLookupStrategy.java:95)
	at org.springframework.data.repository.core.support.QueryExecutorMethodInterceptor.lookupQuery(QueryExecutorMethodInterceptor.java:111)
	... 42 common frames omitted
Caused by: java.lang.IllegalArgumentException: Unable to locate Attribute with the given name [LDate] on this ManagedType [com.hanghe.domain.lecture.entity.Lecture]
	at org.hibernate.metamodel.model.domain.AbstractManagedType.checkNotNull(AbstractManagedType.java:225)
	at org.hibernate.metamodel.model.domain.AbstractManagedType.getAttribute(AbstractManagedType.java:148)
	at org.hibernate.metamodel.model.domain.AbstractManagedType.getAttribute(AbstractManagedType.java:43)
	at org.springframework.data.jpa.repository.query.QueryUtils.requiresOuterJoin(QueryUtils.java:836)
	at org.springframework.data.jpa.repository.query.QueryUtils.toExpressionRecursively(QueryUtils.java:777)
	at org.springframework.data.jpa.repository.query.QueryUtils.toExpressionRecursively(QueryUtils.java:756)
	at org.springframework.data.jpa.repository.query.QueryUtils.toExpressionRecursively(QueryUtils.java:752)
	at org.springframework.data.jpa.repository.query.JpaQueryCreator$PredicateBuilder.getTypedPath(JpaQueryCreator.java:387)
	at org.springframework.data.jpa.repository.query.JpaQueryCreator$PredicateBuilder.build(JpaQueryCreator.java:310)
	at org.springframework.data.jpa.repository.query.JpaQueryCreator.toPredicate(JpaQueryCreator.java:210)
	at org.springframework.data.jpa.repository.query.JpaQueryCreator.create(JpaQueryCreator.java:121)
	at org.springframework.data.jpa.repository.query.JpaQueryCreator.create(JpaQueryCreator.java:60)
	at org.springframework.data.repository.query.parser.AbstractQueryCreator.createCriteria(AbstractQueryCreator.java:119)
	at org.springframework.data.repository.query.parser.AbstractQueryCreator.createQuery(AbstractQueryCreator.java:95)
	at org.springframework.data.repository.query.parser.AbstractQueryCreator.createQuery(AbstractQueryCreator.java:81)
	at org.springframework.data.jpa.repository.query.PartTreeJpaQuery$QueryPreparer.<init>(PartTreeJpaQuery.java:218)
	at org.springframework.data.jpa.repository.query.PartTreeJpaQuery$CountQueryPreparer.<init>(PartTreeJpaQuery.java:361)
	at org.springframework.data.jpa.repository.query.PartTreeJpaQuery.<init>(PartTreeJpaQuery.java:102)
	... 46 common frames omitted
[2024-12-27 01:47:48] INFO com.hanghe.HangheApplication -   - Starting HangheApplication using Java 17 with PID 22296 (C:\Users\jongdae\IdeaProjects\hhplus_cleancode\hhplus-api\out\production\classes started by jongdae in C:\Users\jongdae\IdeaProjects\hhplus_cleancode)
[2024-12-27 01:47:48] INFO com.hanghe.HangheApplication -   - No active profile set, falling back to 1 default profile: "default"
[2024-12-27 01:47:48] INFO o.s.d.r.c.RepositoryConfigurationDelegate -   - Bootstrapping Spring Data JPA repositories in DEFAULT mode.
[2024-12-27 01:47:48] INFO o.s.d.r.c.RepositoryConfigurationDelegate -   - Finished Spring Data repository scanning in 46 ms. Found 3 JPA repository interfaces.
[2024-12-27 01:47:49] INFO o.s.b.w.e.tomcat.TomcatWebServer -   - Tomcat initialized with port 8083 (http)
[2024-12-27 01:47:49] INFO o.a.coyote.http11.Http11NioProtocol -   - Initializing ProtocolHandler ["http-nio-8083"]
[2024-12-27 01:47:49] INFO o.a.catalina.core.StandardService -   - Starting service [Tomcat]
[2024-12-27 01:47:49] INFO o.a.catalina.core.StandardEngine -   - Starting Servlet engine: [Apache Tomcat/10.1.17]
[2024-12-27 01:47:49] INFO o.a.c.c.C.[Tomcat].[localhost].[/] -   - Initializing Spring embedded WebApplicationContext
[2024-12-27 01:47:49] INFO o.s.b.w.s.c.ServletWebServerApplicationContext -   - Root WebApplicationContext: initialization completed in 1310 ms
[2024-12-27 01:47:49] INFO o.h.jpa.internal.util.LogHelper -   - HHH000204: Processing PersistenceUnitInfo [name: default]
[2024-12-27 01:47:50] INFO org.hibernate.Version -   - HHH000412: Hibernate ORM core version 6.4.1.Final
[2024-12-27 01:47:50] INFO o.h.c.i.RegionFactoryInitiator -   - HHH000026: Second-level cache disabled
[2024-12-27 01:47:50] INFO o.s.o.j.p.SpringPersistenceUnitInfo -   - No LoadTimeWeaver setup: ignoring JPA class transformer
[2024-12-27 01:47:51] INFO o.h.e.t.j.p.i.JtaPlatformInitiator -   - HHH000489: No JTA platform available (set 'hibernate.transaction.jta.platform' to enable JTA platform integration)
[2024-12-27 01:47:51] INFO o.s.o.j.LocalContainerEntityManagerFactoryBean -   - Initialized JPA EntityManagerFactory for persistence unit 'default'
[2024-12-27 01:47:51] WARN o.s.b.w.s.c.AnnotationConfigServletWebServerApplicationContext -   - Exception encountered during context initialization - cancelling refresh attempt: org.springframework.beans.factory.UnsatisfiedDependencyException: Error creating bean with name 'lectureService' defined in file [C:\Users\jongdae\IdeaProjects\hhplus_cleancode\hhplus-api\out\production\classes\com\hanghe\domain\lecture\service\LectureService.class]: Unsatisfied dependency expressed through constructor parameter 0: Error creating bean with name 'lectureRepository' defined in com.hanghe.domain.lecture.repository.LectureRepository defined in @EnableJpaRepositories declared on JpaRepositoriesRegistrar.EnableJpaRepositoriesConfiguration: Could not create query for public abstract java.util.List com.hanghe.domain.lecture.repository.LectureRepository.findAllByLDate(java.time.LocalDate); Reason: Failed to create query for method public abstract java.util.List com.hanghe.domain.lecture.repository.LectureRepository.findAllByLDate(java.time.LocalDate); Unable to locate Attribute with the given name [LDate] on this ManagedType [com.hanghe.domain.lecture.entity.Lecture]
[2024-12-27 01:47:51] INFO o.s.o.j.LocalContainerEntityManagerFactoryBean -   - Closing JPA EntityManagerFactory for persistence unit 'default'
[2024-12-27 01:47:51] INFO o.a.catalina.core.StandardService -   - Stopping service [Tomcat]
[2024-12-27 01:47:51] INFO o.s.b.a.l.ConditionEvaluationReportLogger -   - 

Error starting ApplicationContext. To display the condition evaluation report re-run your application with 'debug' enabled.
[2024-12-27 01:47:51] ERRORo.s.boot.SpringApplication -   - Application run failed
org.springframework.beans.factory.UnsatisfiedDependencyException: Error creating bean with name 'lectureService' defined in file [C:\Users\jongdae\IdeaProjects\hhplus_cleancode\hhplus-api\out\production\classes\com\hanghe\domain\lecture\service\LectureService.class]: Unsatisfied dependency expressed through constructor parameter 0: Error creating bean with name 'lectureRepository' defined in com.hanghe.domain.lecture.repository.LectureRepository defined in @EnableJpaRepositories declared on JpaRepositoriesRegistrar.EnableJpaRepositoriesConfiguration: Could not create query for public abstract java.util.List com.hanghe.domain.lecture.repository.LectureRepository.findAllByLDate(java.time.LocalDate); Reason: Failed to create query for method public abstract java.util.List com.hanghe.domain.lecture.repository.LectureRepository.findAllByLDate(java.time.LocalDate); Unable to locate Attribute with the given name [LDate] on this ManagedType [com.hanghe.domain.lecture.entity.Lecture]
	at org.springframework.beans.factory.support.ConstructorResolver.createArgumentArray(ConstructorResolver.java:802)
	at org.springframework.beans.factory.support.ConstructorResolver.autowireConstructor(ConstructorResolver.java:241)
	at org.springframework.beans.factory.support.AbstractAutowireCapableBeanFactory.autowireConstructor(AbstractAutowireCapableBeanFactory.java:1354)
	at org.springframework.beans.factory.support.AbstractAutowireCapableBeanFactory.createBeanInstance(AbstractAutowireCapableBeanFactory.java:1191)
	at org.springframework.beans.factory.support.AbstractAutowireCapableBeanFactory.doCreateBean(AbstractAutowireCapableBeanFactory.java:561)
	at org.springframework.beans.factory.support.AbstractAutowireCapableBeanFactory.createBean(AbstractAutowireCapableBeanFactory.java:521)
	at org.springframework.beans.factory.support.AbstractBeanFactory.lambda$doGetBean$0(AbstractBeanFactory.java:325)
	at org.springframework.beans.factory.support.DefaultSingletonBeanRegistry.getSingleton(DefaultSingletonBeanRegistry.java:234)
	at org.springframework.beans.factory.support.AbstractBeanFactory.doGetBean(AbstractBeanFactory.java:323)
	at org.springframework.beans.factory.support.AbstractBeanFactory.getBean(AbstractBeanFactory.java:199)
	at org.springframework.beans.factory.support.DefaultListableBeanFactory.preInstantiateSingletons(DefaultListableBeanFactory.java:975)
	at org.springframework.context.support.AbstractApplicationContext.finishBeanFactoryInitialization(AbstractApplicationContext.java:960)
	at org.springframework.context.support.AbstractApplicationContext.refresh(AbstractApplicationContext.java:625)
	at org.springframework.boot.web.servlet.context.ServletWebServerApplicationContext.refresh(ServletWebServerApplicationContext.java:146)
	at org.springframework.boot.SpringApplication.refresh(SpringApplication.java:762)
	at org.springframework.boot.SpringApplication.refreshContext(SpringApplication.java:464)
	at org.springframework.boot.SpringApplication.run(SpringApplication.java:334)
	at org.springframework.boot.SpringApplication.run(SpringApplication.java:1358)
	at org.springframework.boot.SpringApplication.run(SpringApplication.java:1347)
	at com.hanghe.HangheApplication.main(HangheApplication.java:10)
Caused by: org.springframework.beans.factory.BeanCreationException: Error creating bean with name 'lectureRepository' defined in com.hanghe.domain.lecture.repository.LectureRepository defined in @EnableJpaRepositories declared on JpaRepositoriesRegistrar.EnableJpaRepositoriesConfiguration: Could not create query for public abstract java.util.List com.hanghe.domain.lecture.repository.LectureRepository.findAllByLDate(java.time.LocalDate); Reason: Failed to create query for method public abstract java.util.List com.hanghe.domain.lecture.repository.LectureRepository.findAllByLDate(java.time.LocalDate); Unable to locate Attribute with the given name [LDate] on this ManagedType [com.hanghe.domain.lecture.entity.Lecture]
	at org.springframework.beans.factory.support.AbstractAutowireCapableBeanFactory.initializeBean(AbstractAutowireCapableBeanFactory.java:1773)
	at org.springframework.beans.factory.support.AbstractAutowireCapableBeanFactory.doCreateBean(AbstractAutowireCapableBeanFactory.java:599)
	at org.springframework.beans.factory.support.AbstractAutowireCapableBeanFactory.createBean(AbstractAutowireCapableBeanFactory.java:521)
	at org.springframework.beans.factory.support.AbstractBeanFactory.lambda$doGetBean$0(AbstractBeanFactory.java:325)
	at org.springframework.beans.factory.support.DefaultSingletonBeanRegistry.getSingleton(DefaultSingletonBeanRegistry.java:234)
	at org.springframework.beans.factory.support.AbstractBeanFactory.doGetBean(AbstractBeanFactory.java:323)
	at org.springframework.beans.factory.support.AbstractBeanFactory.getBean(AbstractBeanFactory.java:199)
	at org.springframework.beans.factory.config.DependencyDescriptor.resolveCandidate(DependencyDescriptor.java:254)
	at org.springframework.beans.factory.support.DefaultListableBeanFactory.doResolveDependency(DefaultListableBeanFactory.java:1443)
	at org.springframework.beans.factory.support.DefaultListableBeanFactory.resolveDependency(DefaultListableBeanFactory.java:1353)
	at org.springframework.beans.factory.support.ConstructorResolver.resolveAutowiredArgument(ConstructorResolver.java:911)
	at org.springframework.beans.factory.support.ConstructorResolver.createArgumentArray(ConstructorResolver.java:789)
	... 19 common frames omitted
Caused by: org.springframework.data.repository.query.QueryCreationException: Could not create query for public abstract java.util.List com.hanghe.domain.lecture.repository.LectureRepository.findAllByLDate(java.time.LocalDate); Reason: Failed to create query for method public abstract java.util.List com.hanghe.domain.lecture.repository.LectureRepository.findAllByLDate(java.time.LocalDate); Unable to locate Attribute with the given name [LDate] on this ManagedType [com.hanghe.domain.lecture.entity.Lecture]
	at org.springframework.data.repository.query.QueryCreationException.create(QueryCreationException.java:101)
	at org.springframework.data.repository.core.support.QueryExecutorMethodInterceptor.lookupQuery(QueryExecutorMethodInterceptor.java:115)
	at org.springframework.data.repository.core.support.QueryExecutorMethodInterceptor.mapMethodsToQuery(QueryExecutorMethodInterceptor.java:99)
	at org.springframework.data.repository.core.support.QueryExecutorMethodInterceptor.lambda$new$0(QueryExecutorMethodInterceptor.java:88)
	at java.base/java.util.Optional.map(Optional.java:260)
	at org.springframework.data.repository.core.support.QueryExecutorMethodInterceptor.<init>(QueryExecutorMethodInterceptor.java:88)
	at org.springframework.data.repository.core.support.RepositoryFactorySupport.getRepository(RepositoryFactorySupport.java:357)
	at org.springframework.data.repository.core.support.RepositoryFactoryBeanSupport.lambda$afterPropertiesSet$5(RepositoryFactoryBeanSupport.java:279)
	at org.springframework.data.util.Lazy.getNullable(Lazy.java:135)
	at org.springframework.data.util.Lazy.get(Lazy.java:113)
	at org.springframework.data.repository.core.support.RepositoryFactoryBeanSupport.afterPropertiesSet(RepositoryFactoryBeanSupport.java:285)
	at org.springframework.data.jpa.repository.support.JpaRepositoryFactoryBean.afterPropertiesSet(JpaRepositoryFactoryBean.java:132)
	at org.springframework.beans.factory.support.AbstractAutowireCapableBeanFactory.invokeInitMethods(AbstractAutowireCapableBeanFactory.java:1820)
	at org.springframework.beans.factory.support.AbstractAutowireCapableBeanFactory.initializeBean(AbstractAutowireCapableBeanFactory.java:1769)
	... 30 common frames omitted
Caused by: java.lang.IllegalArgumentException: Failed to create query for method public abstract java.util.List com.hanghe.domain.lecture.repository.LectureRepository.findAllByLDate(java.time.LocalDate); Unable to locate Attribute with the given name [LDate] on this ManagedType [com.hanghe.domain.lecture.entity.Lecture]
	at org.springframework.data.jpa.repository.query.PartTreeJpaQuery.<init>(PartTreeJpaQuery.java:107)
	at org.springframework.data.jpa.repository.query.JpaQueryLookupStrategy$CreateQueryLookupStrategy.resolveQuery(JpaQueryLookupStrategy.java:124)
	at org.springframework.data.jpa.repository.query.JpaQueryLookupStrategy$CreateIfNotFoundQueryLookupStrategy.resolveQuery(JpaQueryLookupStrategy.java:258)
	at org.springframework.data.jpa.repository.query.JpaQueryLookupStrategy$AbstractQueryLookupStrategy.resolveQuery(JpaQueryLookupStrategy.java:95)
	at org.springframework.data.repository.core.support.QueryExecutorMethodInterceptor.lookupQuery(QueryExecutorMethodInterceptor.java:111)
	... 42 common frames omitted
Caused by: java.lang.IllegalArgumentException: Unable to locate Attribute with the given name [LDate] on this ManagedType [com.hanghe.domain.lecture.entity.Lecture]
	at org.hibernate.metamodel.model.domain.AbstractManagedType.checkNotNull(AbstractManagedType.java:225)
	at org.hibernate.metamodel.model.domain.AbstractManagedType.getAttribute(AbstractManagedType.java:148)
	at org.hibernate.metamodel.model.domain.AbstractManagedType.getAttribute(AbstractManagedType.java:43)
	at org.springframework.data.jpa.repository.query.QueryUtils.requiresOuterJoin(QueryUtils.java:836)
	at org.springframework.data.jpa.repository.query.QueryUtils.toExpressionRecursively(QueryUtils.java:777)
	at org.springframework.data.jpa.repository.query.QueryUtils.toExpressionRecursively(QueryUtils.java:756)
	at org.springframework.data.jpa.repository.query.QueryUtils.toExpressionRecursively(QueryUtils.java:752)
	at org.springframework.data.jpa.repository.query.JpaQueryCreator$PredicateBuilder.getTypedPath(JpaQueryCreator.java:387)
	at org.springframework.data.jpa.repository.query.JpaQueryCreator$PredicateBuilder.build(JpaQueryCreator.java:310)
	at org.springframework.data.jpa.repository.query.JpaQueryCreator.toPredicate(JpaQueryCreator.java:210)
	at org.springframework.data.jpa.repository.query.JpaQueryCreator.create(JpaQueryCreator.java:121)
	at org.springframework.data.jpa.repository.query.JpaQueryCreator.create(JpaQueryCreator.java:60)
	at org.springframework.data.repository.query.parser.AbstractQueryCreator.createCriteria(AbstractQueryCreator.java:119)
	at org.springframework.data.repository.query.parser.AbstractQueryCreator.createQuery(AbstractQueryCreator.java:95)
	at org.springframework.data.repository.query.parser.AbstractQueryCreator.createQuery(AbstractQueryCreator.java:81)
	at org.springframework.data.jpa.repository.query.PartTreeJpaQuery$QueryPreparer.<init>(PartTreeJpaQuery.java:218)
	at org.springframework.data.jpa.repository.query.PartTreeJpaQuery$CountQueryPreparer.<init>(PartTreeJpaQuery.java:361)
	at org.springframework.data.jpa.repository.query.PartTreeJpaQuery.<init>(PartTreeJpaQuery.java:102)
	... 46 common frames omitted
[2024-12-27 01:49:26] INFO com.hanghe.HangheApplication -   - Starting HangheApplication using Java 17 with PID 28588 (C:\Users\jongdae\IdeaProjects\hhplus_cleancode\hhplus-api\out\production\classes started by jongdae in C:\Users\jongdae\IdeaProjects\hhplus_cleancode)
[2024-12-27 01:49:26] INFO com.hanghe.HangheApplication -   - No active profile set, falling back to 1 default profile: "default"
[2024-12-27 01:49:27] INFO o.s.d.r.c.RepositoryConfigurationDelegate -   - Bootstrapping Spring Data JPA repositories in DEFAULT mode.
[2024-12-27 01:49:27] INFO o.s.d.r.c.RepositoryConfigurationDelegate -   - Finished Spring Data repository scanning in 52 ms. Found 3 JPA repository interfaces.
[2024-12-27 01:49:27] INFO o.s.b.w.e.tomcat.TomcatWebServer -   - Tomcat initialized with port 8083 (http)
[2024-12-27 01:49:27] INFO o.a.coyote.http11.Http11NioProtocol -   - Initializing ProtocolHandler ["http-nio-8083"]
[2024-12-27 01:49:27] INFO o.a.catalina.core.StandardService -   - Starting service [Tomcat]
[2024-12-27 01:49:27] INFO o.a.catalina.core.StandardEngine -   - Starting Servlet engine: [Apache Tomcat/10.1.17]
[2024-12-27 01:49:27] INFO o.a.c.c.C.[Tomcat].[localhost].[/] -   - Initializing Spring embedded WebApplicationContext
[2024-12-27 01:49:27] INFO o.s.b.w.s.c.ServletWebServerApplicationContext -   - Root WebApplicationContext: initialization completed in 1318 ms
[2024-12-27 01:49:28] INFO o.h.jpa.internal.util.LogHelper -   - HHH000204: Processing PersistenceUnitInfo [name: default]
[2024-12-27 01:49:28] INFO org.hibernate.Version -   - HHH000412: Hibernate ORM core version 6.4.1.Final
[2024-12-27 01:49:28] INFO o.h.c.i.RegionFactoryInitiator -   - HHH000026: Second-level cache disabled
[2024-12-27 01:49:28] INFO o.s.o.j.p.SpringPersistenceUnitInfo -   - No LoadTimeWeaver setup: ignoring JPA class transformer
[2024-12-27 01:49:29] INFO o.h.e.t.j.p.i.JtaPlatformInitiator -   - HHH000489: No JTA platform available (set 'hibernate.transaction.jta.platform' to enable JTA platform integration)
[2024-12-27 01:49:29] INFO o.s.o.j.LocalContainerEntityManagerFactoryBean -   - Initialized JPA EntityManagerFactory for persistence unit 'default'
[2024-12-27 01:49:29] INFO o.s.d.j.r.q.QueryEnhancerFactory -   - Hibernate is in classpath; If applicable, HQL parser will be used.
[2024-12-27 01:49:29] WARN o.s.b.a.o.j.JpaBaseConfiguration$JpaWebConfiguration -   - spring.jpa.open-in-view is enabled by default. Therefore, database queries may be performed during view rendering. Explicitly configure spring.jpa.open-in-view to disable this warning
[2024-12-27 01:49:30] WARN o.s.b.a.t.ThymeleafAutoConfiguration$DefaultTemplateResolverConfiguration -   - Cannot find template location: classpath:/templates/ (please add some templates, check your Thymeleaf configuration, or set spring.thymeleaf.check-template-location=false)
[2024-12-27 01:49:30] INFO o.s.b.a.e.web.EndpointLinksResolver -   - Exposing 1 endpoint(s) beneath base path '/actuator'
[2024-12-27 01:49:30] INFO o.a.coyote.http11.Http11NioProtocol -   - Starting ProtocolHandler ["http-nio-8083"]
[2024-12-27 01:49:30] INFO o.s.b.w.e.tomcat.TomcatWebServer -   - Tomcat started on port 8083 (http) with context path ''
[2024-12-27 01:49:30] INFO com.hanghe.HangheApplication -   - Started HangheApplication in 4.557 seconds (process running for 4.998)
